<?xml version="1.0" encoding="UTF-8"?>
<testng-results ignored="0" total="1" passed="1" failed="0" skipped="0">
  <reporter-output>
  </reporter-output>
  <suite started-at="2025-09-08T09:36:54 IST" name="Default suite" finished-at="2025-09-08T09:37:15 IST" duration-ms="21326">
    <groups>
      <group name="cucumber">
        <method signature="AbstractTestNGCucumberTests.runScenario(io.cucumber.testng.PickleWrapper,io.cucumber.testng.FeatureWrapper)[pri:0, instance:TestRunners.RunCucumberTests@7c9d8e2]" name="runScenario" class="io.cucumber.testng.AbstractTestNGCucumberTests"/>
      </group> <!-- cucumber -->
    </groups>
    <test started-at="2025-09-08T09:36:54 IST" name="Default test" finished-at="2025-09-08T09:37:15 IST" duration-ms="21326">
      <class name="TestRunners.RunCucumberTests">
        <test-method is-config="true" signature="setUpClass(org.testng.ITestContext)[pri:0, instance:TestRunners.RunCucumberTests@7c9d8e2]" started-at="2025-09-08T09:36:54 IST" name="setUpClass" finished-at="2025-09-08T09:36:55 IST" duration-ms="869" status="PASS">
          <params>
            <param index="0">
              <value>
                <![CDATA[org.testng.TestRunner@5f5effb0]]>
              </value>
            </param>
          </params>
          <reporter-output>
          </reporter-output>
        </test-method> <!-- setUpClass -->
        <test-method signature="runScenario(io.cucumber.testng.PickleWrapper,io.cucumber.testng.FeatureWrapper)[pri:0, instance:TestRunners.RunCucumberTests@7c9d8e2]" started-at="2025-09-08T09:36:55 IST" name="runScenario" description="Runs Cucumber Scenarios" data-provider="scenarios" finished-at="2025-09-08T09:37:15 IST" duration-ms="20356" status="PASS">
          <params>
            <param index="0">
              <value>
                <![CDATA["Add a jacket to the cart and verify cart count"]]>
              </value>
            </param>
            <param index="1">
              <value>
                <![CDATA["Cart functionality - Add products"]]>
              </value>
            </param>
          </params>
          <reporter-output>
          </reporter-output>
        </test-method> <!-- runScenario -->
        <test-method is-config="true" signature="tearDownClass()[pri:0, instance:TestRunners.RunCucumberTests@7c9d8e2]" started-at="2025-09-08T09:37:15 IST" name="tearDownClass" finished-at="2025-09-08T09:37:15 IST" duration-ms="43" status="PASS">
          <reporter-output>
          </reporter-output>
        </test-method> <!-- tearDownClass -->
      </class> <!-- TestRunners.RunCucumberTests -->
    </test> <!-- Default test -->
  </suite> <!-- Default suite -->
</testng-results>
